2025-04-08 18:46:37,591 [INFO] [aya_tabular_research.server] - Starting aya-guided-inquiry-server v0.4.3...
2025-04-08 18:46:37,591 [INFO] [aya_tabular_research.storage.tabular_store] - TabularStore initialized.
2025-04-08 18:46:37,591 [INFO] [aya_tabular_research.storage.knowledge_base] - TabularKnowledgeBase initialized.
2025-04-08 18:46:37,591 [INFO] [aya_tabular_research.core.state_manager] - StateManager initialized. Initial status: AWAITING_TASK_DEFINITION (Stateless Mode)
2025-04-08 18:46:37,591 [INFO] [aya_tabular_research.planning.planner] - Planner initialized with Obstacle Threshold: 0.5, Confidence Threshold: 0.6, Stagnation Cycles: 3
2025-04-08 18:46:37,591 [INFO] [aya_tabular_research.execution.instruction_builder] - DirectiveBuilder initialized.
2025-04-08 18:46:37,591 [INFO] [aya_tabular_research.execution.report_handler] - ReportHandler initialized (Synchronous Mode).
2025-04-08 18:46:37,591 [INFO] [aya_tabular_research.server] - AppContext initialized with components.
2025-04-08 18:46:37,591 [DEBUG] [aya_tabular_research.server] - Assigned component instances to core.instances.
2025-04-08 18:46:37,591 [INFO] [aya_tabular_research.server] - Server started in stateless mode. Initial state: AWAITING_TASK_DEFINITION.
2025-04-08 18:46:37,591 [DEBUG] [aya_tabular_research.server] - Lifespan context entered.
2025-04-08 18:46:37,591 [DEBUG] [aya_tabular_research.server] - Initialization options created.
2025-04-08 18:46:37,599 [DEBUG] [aya_tabular_research.server] - Creating resource list: [{'uri': 'research://research/status', 'name': 'research/status', 'description': 'Provides the current status of the research task and available tools.', 'mimeType': None, 'size': None, 'annotations': None}, {'uri': 'debug://research/debug_state', 'name': 'research/debug_state', 'description': 'FOR DEBUGGING ONLY: Returns a JSON string representation of the current state.', 'mimeType': None, 'size': None, 'annotations': None}]
2025-04-08 18:46:37,599 [INFO] [aya_tabular_research.server] - Listing 2 resources.
2025-04-08 18:46:37,608 [INFO] [aya_tabular_research.server] - Listing 5 tools.
2025-04-08 18:46:37,611 [INFO] [aya_tabular_research.server] - Listing 1 prompts.
2025-04-08 18:46:42,601 [DEBUG] [aya_tabular_research.server] - Creating resource list: [{'uri': 'research://research/status', 'name': 'research/status', 'description': 'Provides the current status of the research task and available tools.', 'mimeType': None, 'size': None, 'annotations': None}, {'uri': 'debug://research/debug_state', 'name': 'research/debug_state', 'description': 'FOR DEBUGGING ONLY: Returns a JSON string representation of the current state.', 'mimeType': None, 'size': None, 'annotations': None}]
2025-04-08 18:46:42,601 [INFO] [aya_tabular_research.server] - Listing 2 resources.
2025-04-08 18:46:42,604 [INFO] [aya_tabular_research.server] - Listing 1 prompts.
2025-04-08 18:46:45,010 [DEBUG] [aya_tabular_research.server] - Creating resource list: [{'uri': 'research://research/status', 'name': 'research/status', 'description': 'Provides the current status of the research task and available tools.', 'mimeType': None, 'size': None, 'annotations': None}, {'uri': 'debug://research/debug_state', 'name': 'research/debug_state', 'description': 'FOR DEBUGGING ONLY: Returns a JSON string representation of the current state.', 'mimeType': None, 'size': None, 'annotations': None}]
2025-04-08 18:46:45,010 [INFO] [aya_tabular_research.server] - Listing 2 resources.
2025-04-08 18:46:45,047 [INFO] [aya_tabular_research.server] - Listing 1 prompts.
2025-04-08 18:46:50,024 [DEBUG] [aya_tabular_research.server] - Creating resource list: [{'uri': 'research://research/status', 'name': 'research/status', 'description': 'Provides the current status of the research task and available tools.', 'mimeType': None, 'size': None, 'annotations': None}, {'uri': 'debug://research/debug_state', 'name': 'research/debug_state', 'description': 'FOR DEBUGGING ONLY: Returns a JSON string representation of the current state.', 'mimeType': None, 'size': None, 'annotations': None}]
2025-04-08 18:46:50,024 [INFO] [aya_tabular_research.server] - Listing 2 resources.
2025-04-08 18:46:50,027 [INFO] [aya_tabular_research.server] - Listing 1 prompts.
